CRITICAL - 2023-12-05 06:14:02 --> Call to undefined function url()
in APPPATH\Views\admin\login.php on line 57.
 1 SYSTEMPATH\View\View.php(228): include()
 2 SYSTEMPATH\View\View.php(231): CodeIgniter\View\View->CodeIgniter\View\{closure}()
 3 SYSTEMPATH\Common.php(1190): CodeIgniter\View\View->render('admin/login.php', [], true)
 4 APPPATH\Controllers\Login.php(9): view('admin/login.php')
 5 SYSTEMPATH\CodeIgniter.php(942): App\Controllers\Login->adminLogin()
 6 SYSTEMPATH\CodeIgniter.php(502): CodeIgniter\CodeIgniter->runController(Object(App\Controllers\Login))
 7 SYSTEMPATH\CodeIgniter.php(361): CodeIgniter\CodeIgniter->handleRequest(null, Object(Config\Cache), false)
 8 FCPATH\index.php(79): CodeIgniter\CodeIgniter->run()
CRITICAL - 2023-12-05 06:59:15 --> Call to undefined function validation_errors()
in APPPATH\Views\admin\login.php on line 29.
 1 SYSTEMPATH\View\View.php(228): include()
 2 SYSTEMPATH\View\View.php(231): CodeIgniter\View\View->CodeIgniter\View\{closure}()
 3 SYSTEMPATH\Common.php(1190): CodeIgniter\View\View->render('admin/login.php', [], true)
 4 APPPATH\Controllers\Login.php(17): view('admin/login.php')
 5 SYSTEMPATH\CodeIgniter.php(942): App\Controllers\Login->adminLogin()
 6 SYSTEMPATH\CodeIgniter.php(502): CodeIgniter\CodeIgniter->runController(Object(App\Controllers\Login))
 7 SYSTEMPATH\CodeIgniter.php(361): CodeIgniter\CodeIgniter->handleRequest(null, Object(Config\Cache), false)
 8 FCPATH\index.php(79): CodeIgniter\CodeIgniter->run()
CRITICAL - 2023-12-05 07:00:28 --> Call to undefined function validation_errors()
in APPPATH\Views\admin\login.php on line 29.
 1 SYSTEMPATH\View\View.php(228): include()
 2 SYSTEMPATH\View\View.php(231): CodeIgniter\View\View->CodeIgniter\View\{closure}()
 3 SYSTEMPATH\Common.php(1190): CodeIgniter\View\View->render('admin/login.php', [], true)
 4 APPPATH\Controllers\Login.php(17): view('admin/login.php')
 5 SYSTEMPATH\CodeIgniter.php(942): App\Controllers\Login->adminLogin()
 6 SYSTEMPATH\CodeIgniter.php(502): CodeIgniter\CodeIgniter->runController(Object(App\Controllers\Login))
 7 SYSTEMPATH\CodeIgniter.php(361): CodeIgniter\CodeIgniter->handleRequest(null, Object(Config\Cache), false)
 8 FCPATH\index.php(79): CodeIgniter\CodeIgniter->run()
CRITICAL - 2023-12-05 07:49:41 --> Undefined property: App\Controllers\Login::$router
in APPPATH\Controllers\Login.php on line 17.
 1 APPPATH\Controllers\Login.php(17): CodeIgniter\Debug\Exceptions->errorHandler(2, 'Undefined property: App\\Controllers\\Login::$router', 'C:\\xampp\\htdocs\\apurva\\fuel-consumption\\app\\Controllers\\Login.php', 17)
 2 SYSTEMPATH\CodeIgniter.php(942): App\Controllers\Login->adminLogin()
 3 SYSTEMPATH\CodeIgniter.php(502): CodeIgniter\CodeIgniter->runController(Object(App\Controllers\Login))
 4 SYSTEMPATH\CodeIgniter.php(361): CodeIgniter\CodeIgniter->handleRequest(null, Object(Config\Cache), false)
 5 FCPATH\index.php(79): CodeIgniter\CodeIgniter->run()
CRITICAL - 2023-12-05 07:49:44 --> Undefined property: App\Controllers\Login::$router
in APPPATH\Controllers\Login.php on line 17.
 1 APPPATH\Controllers\Login.php(17): CodeIgniter\Debug\Exceptions->errorHandler(2, 'Undefined property: App\\Controllers\\Login::$router', 'C:\\xampp\\htdocs\\apurva\\fuel-consumption\\app\\Controllers\\Login.php', 17)
 2 SYSTEMPATH\CodeIgniter.php(942): App\Controllers\Login->adminLogin()
 3 SYSTEMPATH\CodeIgniter.php(502): CodeIgniter\CodeIgniter->runController(Object(App\Controllers\Login))
 4 SYSTEMPATH\CodeIgniter.php(361): CodeIgniter\CodeIgniter->handleRequest(null, Object(Config\Cache), false)
 5 FCPATH\index.php(79): CodeIgniter\CodeIgniter->run()
ERROR - 2023-12-05 09:15:02 --> mysqli_sql_exception: Invalid default value for 'created_at' in C:\xampp\htdocs\apurva\fuel-consumption\system\Database\MySQLi\Connection.php:306
Stack trace:
#0 C:\xampp\htdocs\apurva\fuel-consumption\system\Database\MySQLi\Connection.php(306): mysqli->query('CREATE TABLE `b...', 0)
#1 C:\xampp\htdocs\apurva\fuel-consumption\system\Database\BaseConnection.php(693): CodeIgniter\Database\MySQLi\Connection->execute('CREATE TABLE `b...')
#2 C:\xampp\htdocs\apurva\fuel-consumption\system\Database\BaseConnection.php(607): CodeIgniter\Database\BaseConnection->simpleQuery('CREATE TABLE `b...')
#3 C:\xampp\htdocs\apurva\fuel-consumption\system\Database\Forge.php(546): CodeIgniter\Database\BaseConnection->query('CREATE TABLE `b...')
#4 C:\xampp\htdocs\apurva\fuel-consumption\app\Database\Migrations\2023-12-05-085350_CreateBusinessTable.php(19): CodeIgniter\Database\Forge->createTable('business')
#5 C:\xampp\htdocs\apurva\fuel-consumption\system\Database\MigrationRunner.php(873): App\Database\Migrations\CreateBusinessTable->up()
#6 C:\xampp\htdocs\apurva\fuel-consumption\system\Database\MigrationRunner.php(188): CodeIgniter\Database\MigrationRunner->migrate('up', Object(stdClass))
#7 C:\xampp\htdocs\apurva\fuel-consumption\system\Commands\Database\Migrate.php(84): CodeIgniter\Database\MigrationRunner->latest(NULL)
#8 C:\xampp\htdocs\apurva\fuel-consumption\system\CLI\Commands.php(65): CodeIgniter\Commands\Database\Migrate->run(Array)
#9 C:\xampp\htdocs\apurva\fuel-consumption\system\CLI\Console.php(46): CodeIgniter\CLI\Commands->run('migrate', Array)
#10 C:\xampp\htdocs\apurva\fuel-consumption\spark(102): CodeIgniter\CLI\Console->run()
#11 {main}
ERROR - 2023-12-05 09:18:17 --> mysqli_sql_exception: Invalid default value for 'updated_at' in C:\xampp\htdocs\apurva\fuel-consumption\system\Database\MySQLi\Connection.php:306
Stack trace:
#0 C:\xampp\htdocs\apurva\fuel-consumption\system\Database\MySQLi\Connection.php(306): mysqli->query('CREATE TABLE `b...', 0)
#1 C:\xampp\htdocs\apurva\fuel-consumption\system\Database\BaseConnection.php(693): CodeIgniter\Database\MySQLi\Connection->execute('CREATE TABLE `b...')
#2 C:\xampp\htdocs\apurva\fuel-consumption\system\Database\BaseConnection.php(607): CodeIgniter\Database\BaseConnection->simpleQuery('CREATE TABLE `b...')
#3 C:\xampp\htdocs\apurva\fuel-consumption\system\Database\Forge.php(546): CodeIgniter\Database\BaseConnection->query('CREATE TABLE `b...')
#4 C:\xampp\htdocs\apurva\fuel-consumption\app\Database\Migrations\2023-12-05-085350_CreateBusinessTable.php(19): CodeIgniter\Database\Forge->createTable('business')
#5 C:\xampp\htdocs\apurva\fuel-consumption\system\Database\MigrationRunner.php(873): App\Database\Migrations\CreateBusinessTable->up()
#6 C:\xampp\htdocs\apurva\fuel-consumption\system\Database\MigrationRunner.php(188): CodeIgniter\Database\MigrationRunner->migrate('up', Object(stdClass))
#7 C:\xampp\htdocs\apurva\fuel-consumption\system\Commands\Database\Migrate.php(84): CodeIgniter\Database\MigrationRunner->latest(NULL)
#8 C:\xampp\htdocs\apurva\fuel-consumption\system\CLI\Commands.php(65): CodeIgniter\Commands\Database\Migrate->run(Array)
#9 C:\xampp\htdocs\apurva\fuel-consumption\system\CLI\Console.php(46): CodeIgniter\CLI\Commands->run('migrate', Array)
#10 C:\xampp\htdocs\apurva\fuel-consumption\spark(102): CodeIgniter\CLI\Console->run()
#11 {main}
CRITICAL - 2023-12-05 09:29:16 --> Call to undefined function App\Controllers\create_slug()
in APPPATH\Controllers\Admin.php on line 29.
 1 SYSTEMPATH\CodeIgniter.php(942): App\Controllers\Admin->storeBusiness()
 2 SYSTEMPATH\CodeIgniter.php(502): CodeIgniter\CodeIgniter->runController(Object(App\Controllers\Admin))
 3 SYSTEMPATH\CodeIgniter.php(361): CodeIgniter\CodeIgniter->handleRequest(null, Object(Config\Cache), false)
 4 FCPATH\index.php(79): CodeIgniter\CodeIgniter->run()
CRITICAL - 2023-12-05 09:33:40 --> Undefined variable $validation
in APPPATH\Views\admin\business\add.php on line 46.
 1 APPPATH\Views\admin\business\add.php(46): CodeIgniter\Debug\Exceptions->errorHandler(2, 'Undefined variable $validation', 'C:\\xampp\\htdocs\\apurva\\fuel-consumption\\app\\Views\\admin\\business\\add.php', 46)
 2 APPPATH\Views\index.php(99): include('C:\\xampp\\htdocs\\apurva\\fuel-consumption\\app\\Views\\admin\\business\\add.php')
 3 SYSTEMPATH\View\View.php(228): include('C:\\xampp\\htdocs\\apurva\\fuel-consumption\\app\\Views\\index.php')
 4 SYSTEMPATH\View\View.php(231): CodeIgniter\View\View->CodeIgniter\View\{closure}()
 5 SYSTEMPATH\Common.php(1190): CodeIgniter\View\View->render('index', [], true)
 6 APPPATH\Controllers\Admin.php(23): view('index', [...])
 7 SYSTEMPATH\CodeIgniter.php(942): App\Controllers\Admin->addBusiness()
 8 SYSTEMPATH\CodeIgniter.php(502): CodeIgniter\CodeIgniter->runController(Object(App\Controllers\Admin))
 9 SYSTEMPATH\CodeIgniter.php(361): CodeIgniter\CodeIgniter->handleRequest(null, Object(Config\Cache), false)
10 FCPATH\index.php(79): CodeIgniter\CodeIgniter->run()
CRITICAL - 2023-12-05 09:33:40 --> Undefined variable $validation
in APPPATH\Views\admin\business\add.php on line 46.
 1 APPPATH\Views\admin\business\add.php(46): CodeIgniter\Debug\Exceptions->errorHandler(2, 'Undefined variable $validation', 'C:\\xampp\\htdocs\\apurva\\fuel-consumption\\app\\Views\\admin\\business\\add.php', 46)
 2 APPPATH\Views\index.php(99): include('C:\\xampp\\htdocs\\apurva\\fuel-consumption\\app\\Views\\admin\\business\\add.php')
 3 SYSTEMPATH\View\View.php(228): include('C:\\xampp\\htdocs\\apurva\\fuel-consumption\\app\\Views\\index.php')
 4 SYSTEMPATH\View\View.php(231): CodeIgniter\View\View->CodeIgniter\View\{closure}()
 5 SYSTEMPATH\Common.php(1190): CodeIgniter\View\View->render('index', [], true)
 6 APPPATH\Controllers\Admin.php(23): view('index', [...])
 7 SYSTEMPATH\CodeIgniter.php(942): App\Controllers\Admin->addBusiness()
 8 SYSTEMPATH\CodeIgniter.php(502): CodeIgniter\CodeIgniter->runController(Object(App\Controllers\Admin))
 9 SYSTEMPATH\CodeIgniter.php(361): CodeIgniter\CodeIgniter->handleRequest(null, Object(Config\Cache), false)
10 FCPATH\index.php(79): CodeIgniter\CodeIgniter->run()
CRITICAL - 2023-12-05 09:33:42 --> Undefined variable $validation
in APPPATH\Views\admin\business\add.php on line 46.
 1 APPPATH\Views\admin\business\add.php(46): CodeIgniter\Debug\Exceptions->errorHandler(2, 'Undefined variable $validation', 'C:\\xampp\\htdocs\\apurva\\fuel-consumption\\app\\Views\\admin\\business\\add.php', 46)
 2 APPPATH\Views\index.php(99): include('C:\\xampp\\htdocs\\apurva\\fuel-consumption\\app\\Views\\admin\\business\\add.php')
 3 SYSTEMPATH\View\View.php(228): include('C:\\xampp\\htdocs\\apurva\\fuel-consumption\\app\\Views\\index.php')
 4 SYSTEMPATH\View\View.php(231): CodeIgniter\View\View->CodeIgniter\View\{closure}()
 5 SYSTEMPATH\Common.php(1190): CodeIgniter\View\View->render('index', [], true)
 6 APPPATH\Controllers\Admin.php(23): view('index', [...])
 7 SYSTEMPATH\CodeIgniter.php(942): App\Controllers\Admin->addBusiness()
 8 SYSTEMPATH\CodeIgniter.php(502): CodeIgniter\CodeIgniter->runController(Object(App\Controllers\Admin))
 9 SYSTEMPATH\CodeIgniter.php(361): CodeIgniter\CodeIgniter->handleRequest(null, Object(Config\Cache), false)
10 FCPATH\index.php(79): CodeIgniter\CodeIgniter->run()
CRITICAL - 2023-12-05 09:34:13 --> Undefined variable $validation
in APPPATH\Views\admin\business\add.php on line 46.
 1 APPPATH\Views\admin\business\add.php(46): CodeIgniter\Debug\Exceptions->errorHandler(2, 'Undefined variable $validation', 'C:\\xampp\\htdocs\\apurva\\fuel-consumption\\app\\Views\\admin\\business\\add.php', 46)
 2 APPPATH\Views\index.php(99): include('C:\\xampp\\htdocs\\apurva\\fuel-consumption\\app\\Views\\admin\\business\\add.php')
 3 SYSTEMPATH\View\View.php(228): include('C:\\xampp\\htdocs\\apurva\\fuel-consumption\\app\\Views\\index.php')
 4 SYSTEMPATH\View\View.php(231): CodeIgniter\View\View->CodeIgniter\View\{closure}()
 5 SYSTEMPATH\Common.php(1190): CodeIgniter\View\View->render('index', [], true)
 6 APPPATH\Controllers\Admin.php(23): view('index', [...])
 7 SYSTEMPATH\CodeIgniter.php(942): App\Controllers\Admin->addBusiness()
 8 SYSTEMPATH\CodeIgniter.php(502): CodeIgniter\CodeIgniter->runController(Object(App\Controllers\Admin))
 9 SYSTEMPATH\CodeIgniter.php(361): CodeIgniter\CodeIgniter->handleRequest(null, Object(Config\Cache), false)
10 FCPATH\index.php(79): CodeIgniter\CodeIgniter->run()
CRITICAL - 2023-12-05 09:34:18 --> Undefined variable $validation
in APPPATH\Views\admin\business\add.php on line 46.
 1 APPPATH\Views\admin\business\add.php(46): CodeIgniter\Debug\Exceptions->errorHandler(2, 'Undefined variable $validation', 'C:\\xampp\\htdocs\\apurva\\fuel-consumption\\app\\Views\\admin\\business\\add.php', 46)
 2 APPPATH\Views\index.php(99): include('C:\\xampp\\htdocs\\apurva\\fuel-consumption\\app\\Views\\admin\\business\\add.php')
 3 SYSTEMPATH\View\View.php(228): include('C:\\xampp\\htdocs\\apurva\\fuel-consumption\\app\\Views\\index.php')
 4 SYSTEMPATH\View\View.php(231): CodeIgniter\View\View->CodeIgniter\View\{closure}()
 5 SYSTEMPATH\Common.php(1190): CodeIgniter\View\View->render('index', [], true)
 6 APPPATH\Controllers\Admin.php(23): view('index', [...])
 7 SYSTEMPATH\CodeIgniter.php(942): App\Controllers\Admin->addBusiness()
 8 SYSTEMPATH\CodeIgniter.php(502): CodeIgniter\CodeIgniter->runController(Object(App\Controllers\Admin))
 9 SYSTEMPATH\CodeIgniter.php(361): CodeIgniter\CodeIgniter->handleRequest(null, Object(Config\Cache), false)
10 FCPATH\index.php(79): CodeIgniter\CodeIgniter->run()
CRITICAL - 2023-12-05 09:35:23 --> Undefined variable $validation
in APPPATH\Views\admin\business\add.php on line 46.
 1 APPPATH\Views\admin\business\add.php(46): CodeIgniter\Debug\Exceptions->errorHandler(2, 'Undefined variable $validation', 'C:\\xampp\\htdocs\\apurva\\fuel-consumption\\app\\Views\\admin\\business\\add.php', 46)
 2 APPPATH\Views\index.php(99): include('C:\\xampp\\htdocs\\apurva\\fuel-consumption\\app\\Views\\admin\\business\\add.php')
 3 SYSTEMPATH\View\View.php(228): include('C:\\xampp\\htdocs\\apurva\\fuel-consumption\\app\\Views\\index.php')
 4 SYSTEMPATH\View\View.php(231): CodeIgniter\View\View->CodeIgniter\View\{closure}()
 5 SYSTEMPATH\Common.php(1190): CodeIgniter\View\View->render('index', [], true)
 6 APPPATH\Controllers\Admin.php(23): view('index', [...])
 7 SYSTEMPATH\CodeIgniter.php(942): App\Controllers\Admin->addBusiness()
 8 SYSTEMPATH\CodeIgniter.php(502): CodeIgniter\CodeIgniter->runController(Object(App\Controllers\Admin))
 9 SYSTEMPATH\CodeIgniter.php(361): CodeIgniter\CodeIgniter->handleRequest(null, Object(Config\Cache), false)
10 FCPATH\index.php(79): CodeIgniter\CodeIgniter->run()
CRITICAL - 2023-12-05 09:36:41 --> Call to a member function getError() on null
in APPPATH\Views\admin\business\add.php on line 47.
 1 APPPATH\Views\index.php(99): include()
 2 SYSTEMPATH\View\View.php(228): include('C:\\xampp\\htdocs\\apurva\\fuel-consumption\\app\\Views\\index.php')
 3 SYSTEMPATH\View\View.php(231): CodeIgniter\View\View->CodeIgniter\View\{closure}()
 4 SYSTEMPATH\Common.php(1190): CodeIgniter\View\View->render('index', [], true)
 5 APPPATH\Controllers\Admin.php(23): view('index', [...])
 6 SYSTEMPATH\CodeIgniter.php(942): App\Controllers\Admin->addBusiness()
 7 SYSTEMPATH\CodeIgniter.php(502): CodeIgniter\CodeIgniter->runController(Object(App\Controllers\Admin))
 8 SYSTEMPATH\CodeIgniter.php(361): CodeIgniter\CodeIgniter->handleRequest(null, Object(Config\Cache), false)
 9 FCPATH\index.php(79): CodeIgniter\CodeIgniter->run()
ERROR - 2023-12-05 09:38:03 --> mysqli_sql_exception: Unknown column 'name' in 'where clause' in C:\xampp\htdocs\apurva\fuel-consumption\system\Database\MySQLi\Connection.php:306
Stack trace:
#0 C:\xampp\htdocs\apurva\fuel-consumption\system\Database\MySQLi\Connection.php(306): mysqli->query('SELECT 1\nFROM `...', 0)
#1 C:\xampp\htdocs\apurva\fuel-consumption\system\Database\BaseConnection.php(693): CodeIgniter\Database\MySQLi\Connection->execute('SELECT 1\nFROM `...')
#2 C:\xampp\htdocs\apurva\fuel-consumption\system\Database\BaseConnection.php(607): CodeIgniter\Database\BaseConnection->simpleQuery('SELECT 1\nFROM `...')
#3 C:\xampp\htdocs\apurva\fuel-consumption\system\Database\BaseBuilder.php(1615): CodeIgniter\Database\BaseConnection->query('SELECT 1\nFROM `...', Array, false)
#4 C:\xampp\htdocs\apurva\fuel-consumption\system\Validation\StrictRules\Rules.php(212): CodeIgniter\Database\BaseBuilder->get()
#5 C:\xampp\htdocs\apurva\fuel-consumption\system\Validation\Validation.php(311): CodeIgniter\Validation\StrictRules\Rules->is_unique('dsdfd', 'name', Array, NULL, 'business_name')
#6 C:\xampp\htdocs\apurva\fuel-consumption\system\Validation\Validation.php(197): CodeIgniter\Validation\Validation->processRules('business_name', 'business_name', 'dsdfd', Array, Array)
#7 C:\xampp\htdocs\apurva\fuel-consumption\system\Controller.php(152): CodeIgniter\Validation\Validation->run()
#8 C:\xampp\htdocs\apurva\fuel-consumption\app\Controllers\Admin.php(31): CodeIgniter\Controller->validate(Array)
#9 C:\xampp\htdocs\apurva\fuel-consumption\system\CodeIgniter.php(942): App\Controllers\Admin->storeBusiness()
#10 C:\xampp\htdocs\apurva\fuel-consumption\system\CodeIgniter.php(502): CodeIgniter\CodeIgniter->runController(Object(App\Controllers\Admin))
#11 C:\xampp\htdocs\apurva\fuel-consumption\system\CodeIgniter.php(361): CodeIgniter\CodeIgniter->handleRequest(NULL, Object(Config\Cache), false)
#12 C:\xampp\htdocs\apurva\fuel-consumption\index.php(79): CodeIgniter\CodeIgniter->run()
#13 {main}
CRITICAL - 2023-12-05 09:38:03 --> Unknown column 'name' in 'where clause'
in SYSTEMPATH\Database\BaseConnection.php on line 647.
 1 SYSTEMPATH\Database\BaseBuilder.php(1615): CodeIgniter\Database\BaseConnection->query('SELECT 1
FROM `business`
WHERE `name` = :name:
 LIMIT 1', [...], false)
 2 SYSTEMPATH\Validation\StrictRules\Rules.php(212): CodeIgniter\Database\BaseBuilder->get()
 3 SYSTEMPATH\Validation\Validation.php(311): CodeIgniter\Validation\StrictRules\Rules->is_unique('dsdfd', 'name', [...], null, 'business_name')
 4 SYSTEMPATH\Validation\Validation.php(197): CodeIgniter\Validation\Validation->processRules('business_name', 'business_name', 'dsdfd', [...], [...])
 5 SYSTEMPATH\Controller.php(152): CodeIgniter\Validation\Validation->run()
 6 APPPATH\Controllers\Admin.php(31): CodeIgniter\Controller->validate([...])
 7 SYSTEMPATH\CodeIgniter.php(942): App\Controllers\Admin->storeBusiness()
 8 SYSTEMPATH\CodeIgniter.php(502): CodeIgniter\CodeIgniter->runController(Object(App\Controllers\Admin))
 9 SYSTEMPATH\CodeIgniter.php(361): CodeIgniter\CodeIgniter->handleRequest(null, Object(Config\Cache), false)
10 FCPATH\index.php(79): CodeIgniter\CodeIgniter->run()
CRITICAL - 2023-12-05 09:39:00 --> Undefined variable $validation
in APPPATH\Views\admin\business\add.php on line 46.
 1 APPPATH\Views\admin\business\add.php(46): CodeIgniter\Debug\Exceptions->errorHandler(2, 'Undefined variable $validation', 'C:\\xampp\\htdocs\\apurva\\fuel-consumption\\app\\Views\\admin\\business\\add.php', 46)
 2 APPPATH\Views\index.php(99): include('C:\\xampp\\htdocs\\apurva\\fuel-consumption\\app\\Views\\admin\\business\\add.php')
 3 SYSTEMPATH\View\View.php(228): include('C:\\xampp\\htdocs\\apurva\\fuel-consumption\\app\\Views\\index.php')
 4 SYSTEMPATH\View\View.php(231): CodeIgniter\View\View->CodeIgniter\View\{closure}()
 5 SYSTEMPATH\Common.php(1190): CodeIgniter\View\View->render('index', [], true)
 6 APPPATH\Controllers\Admin.php(23): view('index', [...])
 7 SYSTEMPATH\CodeIgniter.php(942): App\Controllers\Admin->addBusiness()
 8 SYSTEMPATH\CodeIgniter.php(502): CodeIgniter\CodeIgniter->runController(Object(App\Controllers\Admin))
 9 SYSTEMPATH\CodeIgniter.php(361): CodeIgniter\CodeIgniter->handleRequest(null, Object(Config\Cache), false)
10 FCPATH\index.php(79): CodeIgniter\CodeIgniter->run()
CRITICAL - 2023-12-05 09:39:27 --> Undefined variable $validation
in APPPATH\Views\admin\business\add.php on line 46.
 1 APPPATH\Views\admin\business\add.php(46): CodeIgniter\Debug\Exceptions->errorHandler(2, 'Undefined variable $validation', 'C:\\xampp\\htdocs\\apurva\\fuel-consumption\\app\\Views\\admin\\business\\add.php', 46)
 2 APPPATH\Views\index.php(99): include('C:\\xampp\\htdocs\\apurva\\fuel-consumption\\app\\Views\\admin\\business\\add.php')
 3 SYSTEMPATH\View\View.php(228): include('C:\\xampp\\htdocs\\apurva\\fuel-consumption\\app\\Views\\index.php')
 4 SYSTEMPATH\View\View.php(231): CodeIgniter\View\View->CodeIgniter\View\{closure}()
 5 SYSTEMPATH\Common.php(1190): CodeIgniter\View\View->render('index', [], true)
 6 APPPATH\Controllers\Admin.php(23): view('index', [...])
 7 SYSTEMPATH\CodeIgniter.php(942): App\Controllers\Admin->addBusiness()
 8 SYSTEMPATH\CodeIgniter.php(502): CodeIgniter\CodeIgniter->runController(Object(App\Controllers\Admin))
 9 SYSTEMPATH\CodeIgniter.php(361): CodeIgniter\CodeIgniter->handleRequest(null, Object(Config\Cache), false)
10 FCPATH\index.php(79): CodeIgniter\CodeIgniter->run()
ERROR - 2023-12-05 09:44:13 --> mysqli_sql_exception: Unknown column 'name' in 'where clause' in C:\xampp\htdocs\apurva\fuel-consumption\system\Database\MySQLi\Connection.php:306
Stack trace:
#0 C:\xampp\htdocs\apurva\fuel-consumption\system\Database\MySQLi\Connection.php(306): mysqli->query('SELECT 1\nFROM `...', 0)
#1 C:\xampp\htdocs\apurva\fuel-consumption\system\Database\BaseConnection.php(693): CodeIgniter\Database\MySQLi\Connection->execute('SELECT 1\nFROM `...')
#2 C:\xampp\htdocs\apurva\fuel-consumption\system\Database\BaseConnection.php(607): CodeIgniter\Database\BaseConnection->simpleQuery('SELECT 1\nFROM `...')
#3 C:\xampp\htdocs\apurva\fuel-consumption\system\Database\BaseBuilder.php(1615): CodeIgniter\Database\BaseConnection->query('SELECT 1\nFROM `...', Array, false)
#4 C:\xampp\htdocs\apurva\fuel-consumption\system\Validation\StrictRules\Rules.php(212): CodeIgniter\Database\BaseBuilder->get()
#5 C:\xampp\htdocs\apurva\fuel-consumption\system\Validation\Validation.php(311): CodeIgniter\Validation\StrictRules\Rules->is_unique('LOGIDIS LTD', 'name', Array, NULL, 'business_name')
#6 C:\xampp\htdocs\apurva\fuel-consumption\system\Validation\Validation.php(197): CodeIgniter\Validation\Validation->processRules('business_name', 'business_name', 'LOGIDIS LTD', Array, Array)
#7 C:\xampp\htdocs\apurva\fuel-consumption\system\Controller.php(152): CodeIgniter\Validation\Validation->run()
#8 C:\xampp\htdocs\apurva\fuel-consumption\app\Controllers\Admin.php(31): CodeIgniter\Controller->validate(Array)
#9 C:\xampp\htdocs\apurva\fuel-consumption\system\CodeIgniter.php(942): App\Controllers\Admin->storeBusiness()
#10 C:\xampp\htdocs\apurva\fuel-consumption\system\CodeIgniter.php(502): CodeIgniter\CodeIgniter->runController(Object(App\Controllers\Admin))
#11 C:\xampp\htdocs\apurva\fuel-consumption\system\CodeIgniter.php(361): CodeIgniter\CodeIgniter->handleRequest(NULL, Object(Config\Cache), false)
#12 C:\xampp\htdocs\apurva\fuel-consumption\index.php(79): CodeIgniter\CodeIgniter->run()
#13 {main}
CRITICAL - 2023-12-05 09:44:13 --> Unknown column 'name' in 'where clause'
in SYSTEMPATH\Database\BaseConnection.php on line 647.
 1 SYSTEMPATH\Database\BaseBuilder.php(1615): CodeIgniter\Database\BaseConnection->query('SELECT 1
FROM `business`
WHERE `name` = :name:
 LIMIT 1', [...], false)
 2 SYSTEMPATH\Validation\StrictRules\Rules.php(212): CodeIgniter\Database\BaseBuilder->get()
 3 SYSTEMPATH\Validation\Validation.php(311): CodeIgniter\Validation\StrictRules\Rules->is_unique('LOGIDIS LTD', 'name', [...], null, 'business_name')
 4 SYSTEMPATH\Validation\Validation.php(197): CodeIgniter\Validation\Validation->processRules('business_name', 'business_name', 'LOGIDIS LTD', [...], [...])
 5 SYSTEMPATH\Controller.php(152): CodeIgniter\Validation\Validation->run()
 6 APPPATH\Controllers\Admin.php(31): CodeIgniter\Controller->validate([...])
 7 SYSTEMPATH\CodeIgniter.php(942): App\Controllers\Admin->storeBusiness()
 8 SYSTEMPATH\CodeIgniter.php(502): CodeIgniter\CodeIgniter->runController(Object(App\Controllers\Admin))
 9 SYSTEMPATH\CodeIgniter.php(361): CodeIgniter\CodeIgniter->handleRequest(null, Object(Config\Cache), false)
10 FCPATH\index.php(79): CodeIgniter\CodeIgniter->run()
ERROR - 2023-12-05 09:44:59 --> mysqli_sql_exception: Table 'fuel_consumption.businesses' doesn't exist in C:\xampp\htdocs\apurva\fuel-consumption\system\Database\MySQLi\Connection.php:306
Stack trace:
#0 C:\xampp\htdocs\apurva\fuel-consumption\system\Database\MySQLi\Connection.php(306): mysqli->query('INSERT INTO `bu...', 0)
#1 C:\xampp\htdocs\apurva\fuel-consumption\system\Database\BaseConnection.php(693): CodeIgniter\Database\MySQLi\Connection->execute('INSERT INTO `bu...')
#2 C:\xampp\htdocs\apurva\fuel-consumption\system\Database\BaseConnection.php(607): CodeIgniter\Database\BaseConnection->simpleQuery('INSERT INTO `bu...')
#3 C:\xampp\htdocs\apurva\fuel-consumption\system\Database\BaseBuilder.php(2308): CodeIgniter\Database\BaseConnection->query('INSERT INTO `bu...', Array, false)
#4 C:\xampp\htdocs\apurva\fuel-consumption\system\Model.php(319): CodeIgniter\Database\BaseBuilder->insert()
#5 C:\xampp\htdocs\apurva\fuel-consumption\system\BaseModel.php(788): CodeIgniter\Model->doInsert(Array)
#6 C:\xampp\htdocs\apurva\fuel-consumption\system\Model.php(715): CodeIgniter\BaseModel->insert(Array, true)
#7 C:\xampp\htdocs\apurva\fuel-consumption\app\Controllers\Admin.php(44): CodeIgniter\Model->insert(Array)
#8 C:\xampp\htdocs\apurva\fuel-consumption\system\CodeIgniter.php(942): App\Controllers\Admin->storeBusiness()
#9 C:\xampp\htdocs\apurva\fuel-consumption\system\CodeIgniter.php(502): CodeIgniter\CodeIgniter->runController(Object(App\Controllers\Admin))
#10 C:\xampp\htdocs\apurva\fuel-consumption\system\CodeIgniter.php(361): CodeIgniter\CodeIgniter->handleRequest(NULL, Object(Config\Cache), false)
#11 C:\xampp\htdocs\apurva\fuel-consumption\index.php(79): CodeIgniter\CodeIgniter->run()
#12 {main}
CRITICAL - 2023-12-05 09:44:59 --> Table 'fuel_consumption.businesses' doesn't exist
in SYSTEMPATH\Database\BaseConnection.php on line 647.
 1 SYSTEMPATH\Database\BaseBuilder.php(2308): CodeIgniter\Database\BaseConnection->query('INSERT INTO `businesses` (`business_id`, `business_name`) VALUES (:business_id:, :business_name:)', [...], false)
 2 SYSTEMPATH\Model.php(319): CodeIgniter\Database\BaseBuilder->insert()
 3 SYSTEMPATH\BaseModel.php(788): CodeIgniter\Model->doInsert([...])
 4 SYSTEMPATH\Model.php(715): CodeIgniter\BaseModel->insert([...], true)
 5 APPPATH\Controllers\Admin.php(44): CodeIgniter\Model->insert([...])
 6 SYSTEMPATH\CodeIgniter.php(942): App\Controllers\Admin->storeBusiness()
 7 SYSTEMPATH\CodeIgniter.php(502): CodeIgniter\CodeIgniter->runController(Object(App\Controllers\Admin))
 8 SYSTEMPATH\CodeIgniter.php(361): CodeIgniter\CodeIgniter->handleRequest(null, Object(Config\Cache), false)
 9 FCPATH\index.php(79): CodeIgniter\CodeIgniter->run()
CRITICAL - 2023-12-05 09:48:07 --> include(admin/business/list.php): Failed to open stream: No such file or directory
in APPPATH\Views\index.php on line 99.
 1 APPPATH\Views\index.php(99): CodeIgniter\Debug\Exceptions->errorHandler(2, 'include(admin/business/list.php): Failed to open stream: No such file or directory', 'C:\\xampp\\htdocs\\apurva\\fuel-consumption\\app\\Views\\index.php', 99)
 2 APPPATH\Views\index.php(99): include()
 3 SYSTEMPATH\View\View.php(228): include('C:\\xampp\\htdocs\\apurva\\fuel-consumption\\app\\Views\\index.php')
 4 SYSTEMPATH\View\View.php(231): CodeIgniter\View\View->CodeIgniter\View\{closure}()
 5 SYSTEMPATH\Common.php(1190): CodeIgniter\View\View->render('index', [], true)
 6 APPPATH\Controllers\Admin.php(55): view('index', [...])
 7 SYSTEMPATH\CodeIgniter.php(942): App\Controllers\Admin->listBusiness()
 8 SYSTEMPATH\CodeIgniter.php(502): CodeIgniter\CodeIgniter->runController(Object(App\Controllers\Admin))
 9 SYSTEMPATH\CodeIgniter.php(361): CodeIgniter\CodeIgniter->handleRequest(null, Object(Config\Cache), false)
10 FCPATH\index.php(79): CodeIgniter\CodeIgniter->run()
CRITICAL - 2023-12-05 10:13:52 --> Attempt to read property "business_name" on array
in APPPATH\Views\admin\business\list.php on line 42.
 1 APPPATH\Views\admin\business\list.php(42): CodeIgniter\Debug\Exceptions->errorHandler(2, 'Attempt to read property "business_name" on array', 'C:\\xampp\\htdocs\\apurva\\fuel-consumption\\app\\Views\\admin\\business\\list.php', 42)
 2 APPPATH\Views\index.php(103): include('C:\\xampp\\htdocs\\apurva\\fuel-consumption\\app\\Views\\admin\\business\\list.php')
 3 SYSTEMPATH\View\View.php(228): include('C:\\xampp\\htdocs\\apurva\\fuel-consumption\\app\\Views\\index.php')
 4 SYSTEMPATH\View\View.php(231): CodeIgniter\View\View->CodeIgniter\View\{closure}()
 5 SYSTEMPATH\Common.php(1190): CodeIgniter\View\View->render('index', [], true)
 6 APPPATH\Controllers\Admin.php(58): view('index', [...])
 7 SYSTEMPATH\CodeIgniter.php(942): App\Controllers\Admin->listBusiness()
 8 SYSTEMPATH\CodeIgniter.php(502): CodeIgniter\CodeIgniter->runController(Object(App\Controllers\Admin))
 9 SYSTEMPATH\CodeIgniter.php(361): CodeIgniter\CodeIgniter->handleRequest(null, Object(Config\Cache), false)
10 FCPATH\index.php(79): CodeIgniter\CodeIgniter->run()
CRITICAL - 2023-12-05 12:32:33 --> Call to undefined method App\Models\Business::sql
in SYSTEMPATH\Model.php on line 873.
 1 APPPATH\Controllers\Admin.php(88): CodeIgniter\Model->__call('sql', [])
 2 SYSTEMPATH\CodeIgniter.php(942): App\Controllers\Admin->EditDataBusiness()
 3 SYSTEMPATH\CodeIgniter.php(502): CodeIgniter\CodeIgniter->runController(Object(App\Controllers\Admin))
 4 SYSTEMPATH\CodeIgniter.php(361): CodeIgniter\CodeIgniter->handleRequest(null, Object(Config\Cache), false)
 5 FCPATH\index.php(79): CodeIgniter\CodeIgniter->run()
CRITICAL - 2023-12-05 12:33:09 --> Undefined variable $db
in APPPATH\Controllers\Admin.php on line 89.
 1 APPPATH\Controllers\Admin.php(89): CodeIgniter\Debug\Exceptions->errorHandler(2, 'Undefined variable $db', 'C:\\xampp\\htdocs\\apurva\\fuel-consumption\\app\\Controllers\\Admin.php', 89)
 2 SYSTEMPATH\CodeIgniter.php(942): App\Controllers\Admin->EditDataBusiness()
 3 SYSTEMPATH\CodeIgniter.php(502): CodeIgniter\CodeIgniter->runController(Object(App\Controllers\Admin))
 4 SYSTEMPATH\CodeIgniter.php(361): CodeIgniter\CodeIgniter->handleRequest(null, Object(Config\Cache), false)
 5 FCPATH\index.php(79): CodeIgniter\CodeIgniter->run()
CRITICAL - 2023-12-05 12:40:55 --> syntax error, unexpected token "endif", expecting end of file
in APPPATH\Views\admin\business\edit.php on line 44.
 1 SYSTEMPATH\View\View.php(228): include()
 2 SYSTEMPATH\View\View.php(231): CodeIgniter\View\View->CodeIgniter\View\{closure}()
 3 SYSTEMPATH\Common.php(1190): CodeIgniter\View\View->render('index', [], true)
 4 APPPATH\Controllers\Admin.php(84): view('index', [...])
 5 SYSTEMPATH\CodeIgniter.php(942): App\Controllers\Admin->editBusiness('1')
 6 SYSTEMPATH\CodeIgniter.php(502): CodeIgniter\CodeIgniter->runController(Object(App\Controllers\Admin))
 7 SYSTEMPATH\CodeIgniter.php(361): CodeIgniter\CodeIgniter->handleRequest(null, Object(Config\Cache), false)
 8 FCPATH\index.php(79): CodeIgniter\CodeIgniter->run()
CRITICAL - 2023-12-05 12:40:56 --> syntax error, unexpected token "endif", expecting end of file
in APPPATH\Views\admin\business\edit.php on line 44.
 1 SYSTEMPATH\View\View.php(228): include()
 2 SYSTEMPATH\View\View.php(231): CodeIgniter\View\View->CodeIgniter\View\{closure}()
 3 SYSTEMPATH\Common.php(1190): CodeIgniter\View\View->render('index', [], true)
 4 APPPATH\Controllers\Admin.php(84): view('index', [...])
 5 SYSTEMPATH\CodeIgniter.php(942): App\Controllers\Admin->editBusiness('1')
 6 SYSTEMPATH\CodeIgniter.php(502): CodeIgniter\CodeIgniter->runController(Object(App\Controllers\Admin))
 7 SYSTEMPATH\CodeIgniter.php(361): CodeIgniter\CodeIgniter->handleRequest(null, Object(Config\Cache), false)
 8 FCPATH\index.php(79): CodeIgniter\CodeIgniter->run()
CRITICAL - 2023-12-05 12:41:23 --> The route for "admin/business/edit/LOGIDIS LTD" cannot be found.
in SYSTEMPATH\HTTP\RedirectResponse.php on line 62.
 1 SYSTEMPATH\HTTP\RedirectResponse.php(62): CodeIgniter\HTTP\Exceptions\HTTPException::forInvalidRedirectRoute('admin/business/edit/LOGIDIS LTD')
 2 APPPATH\Controllers\Admin.php(97): CodeIgniter\HTTP\RedirectResponse->route(false)
 3 SYSTEMPATH\CodeIgniter.php(942): App\Controllers\Admin->EditDataBusiness()
 4 SYSTEMPATH\CodeIgniter.php(502): CodeIgniter\CodeIgniter->runController(Object(App\Controllers\Admin))
 5 SYSTEMPATH\CodeIgniter.php(361): CodeIgniter\CodeIgniter->handleRequest(null, Object(Config\Cache), false)
 6 FCPATH\index.php(79): CodeIgniter\CodeIgniter->run()
CRITICAL - 2023-12-05 12:42:02 --> The route for "admin/business/edit/1" cannot be found.
in SYSTEMPATH\HTTP\RedirectResponse.php on line 62.
 1 SYSTEMPATH\HTTP\RedirectResponse.php(62): CodeIgniter\HTTP\Exceptions\HTTPException::forInvalidRedirectRoute('admin/business/edit/1')
 2 APPPATH\Controllers\Admin.php(97): CodeIgniter\HTTP\RedirectResponse->route(false)
 3 SYSTEMPATH\CodeIgniter.php(942): App\Controllers\Admin->EditDataBusiness()
 4 SYSTEMPATH\CodeIgniter.php(502): CodeIgniter\CodeIgniter->runController(Object(App\Controllers\Admin))
 5 SYSTEMPATH\CodeIgniter.php(361): CodeIgniter\CodeIgniter->handleRequest(null, Object(Config\Cache), false)
 6 FCPATH\index.php(79): CodeIgniter\CodeIgniter->run()
CRITICAL - 2023-12-05 12:42:57 --> The route for "admin/business/edit/1" cannot be found.
in SYSTEMPATH\HTTP\RedirectResponse.php on line 62.
 1 SYSTEMPATH\HTTP\RedirectResponse.php(62): CodeIgniter\HTTP\Exceptions\HTTPException::forInvalidRedirectRoute('admin/business/edit/1')
 2 APPPATH\Controllers\Admin.php(97): CodeIgniter\HTTP\RedirectResponse->route(false)
 3 SYSTEMPATH\CodeIgniter.php(942): App\Controllers\Admin->EditDataBusiness()
 4 SYSTEMPATH\CodeIgniter.php(502): CodeIgniter\CodeIgniter->runController(Object(App\Controllers\Admin))
 5 SYSTEMPATH\CodeIgniter.php(361): CodeIgniter\CodeIgniter->handleRequest(null, Object(Config\Cache), false)
 6 FCPATH\index.php(79): CodeIgniter\CodeIgniter->run()
CRITICAL - 2023-12-05 12:51:05 --> Trying to access array offset on value of type null
in APPPATH\Views\admin\business\edit.php on line 37.
 1 APPPATH\Views\admin\business\edit.php(37): CodeIgniter\Debug\Exceptions->errorHandler(2, 'Trying to access array offset on value of type null', 'C:\\xampp\\htdocs\\apurva\\fuel-consumption\\app\\Views\\admin\\business\\edit.php', 37)
 2 APPPATH\Views\index.php(103): include('C:\\xampp\\htdocs\\apurva\\fuel-consumption\\app\\Views\\admin\\business\\edit.php')
 3 SYSTEMPATH\View\View.php(228): include('C:\\xampp\\htdocs\\apurva\\fuel-consumption\\app\\Views\\index.php')
 4 SYSTEMPATH\View\View.php(231): CodeIgniter\View\View->CodeIgniter\View\{closure}()
 5 SYSTEMPATH\Common.php(1190): CodeIgniter\View\View->render('index', [], true)
 6 APPPATH\Controllers\Admin.php(84): view('index', [...])
 7 SYSTEMPATH\CodeIgniter.php(942): App\Controllers\Admin->editBusiness('2')
 8 SYSTEMPATH\CodeIgniter.php(502): CodeIgniter\CodeIgniter->runController(Object(App\Controllers\Admin))
 9 SYSTEMPATH\CodeIgniter.php(361): CodeIgniter\CodeIgniter->handleRequest(null, Object(Config\Cache), false)
10 FCPATH\index.php(79): CodeIgniter\CodeIgniter->run()
CRITICAL - 2023-12-05 12:51:07 --> Trying to access array offset on value of type null
in APPPATH\Views\admin\business\edit.php on line 37.
 1 APPPATH\Views\admin\business\edit.php(37): CodeIgniter\Debug\Exceptions->errorHandler(2, 'Trying to access array offset on value of type null', 'C:\\xampp\\htdocs\\apurva\\fuel-consumption\\app\\Views\\admin\\business\\edit.php', 37)
 2 APPPATH\Views\index.php(103): include('C:\\xampp\\htdocs\\apurva\\fuel-consumption\\app\\Views\\admin\\business\\edit.php')
 3 SYSTEMPATH\View\View.php(228): include('C:\\xampp\\htdocs\\apurva\\fuel-consumption\\app\\Views\\index.php')
 4 SYSTEMPATH\View\View.php(231): CodeIgniter\View\View->CodeIgniter\View\{closure}()
 5 SYSTEMPATH\Common.php(1190): CodeIgniter\View\View->render('index', [], true)
 6 APPPATH\Controllers\Admin.php(84): view('index', [...])
 7 SYSTEMPATH\CodeIgniter.php(942): App\Controllers\Admin->editBusiness('2')
 8 SYSTEMPATH\CodeIgniter.php(502): CodeIgniter\CodeIgniter->runController(Object(App\Controllers\Admin))
 9 SYSTEMPATH\CodeIgniter.php(361): CodeIgniter\CodeIgniter->handleRequest(null, Object(Config\Cache), false)
10 FCPATH\index.php(79): CodeIgniter\CodeIgniter->run()
CRITICAL - 2023-12-05 12:51:56 --> The route for "/admin/list-business" cannot be found.
in SYSTEMPATH\HTTP\RedirectResponse.php on line 62.
 1 SYSTEMPATH\HTTP\RedirectResponse.php(62): CodeIgniter\HTTP\Exceptions\HTTPException::forInvalidRedirectRoute('/admin/list-business')
 2 APPPATH\Controllers\Admin.php(111): CodeIgniter\HTTP\RedirectResponse->route(false)
 3 SYSTEMPATH\CodeIgniter.php(942): App\Controllers\Admin->EditDataBusiness()
 4 SYSTEMPATH\CodeIgniter.php(502): CodeIgniter\CodeIgniter->runController(Object(App\Controllers\Admin))
 5 SYSTEMPATH\CodeIgniter.php(361): CodeIgniter\CodeIgniter->handleRequest(null, Object(Config\Cache), false)
 6 FCPATH\index.php(79): CodeIgniter\CodeIgniter->run()
CRITICAL - 2023-12-05 12:57:26 --> Trying to access array offset on value of type null
in APPPATH\Views\admin\business\edit.php on line 37.
 1 APPPATH\Views\admin\business\edit.php(37): CodeIgniter\Debug\Exceptions->errorHandler(2, 'Trying to access array offset on value of type null', 'C:\\xampp\\htdocs\\apurva\\fuel-consumption\\app\\Views\\admin\\business\\edit.php', 37)
 2 APPPATH\Views\index.php(103): include('C:\\xampp\\htdocs\\apurva\\fuel-consumption\\app\\Views\\admin\\business\\edit.php')
 3 SYSTEMPATH\View\View.php(228): include('C:\\xampp\\htdocs\\apurva\\fuel-consumption\\app\\Views\\index.php')
 4 SYSTEMPATH\View\View.php(231): CodeIgniter\View\View->CodeIgniter\View\{closure}()
 5 SYSTEMPATH\Common.php(1190): CodeIgniter\View\View->render('index', [], true)
 6 APPPATH\Controllers\Admin.php(84): view('index', [...])
 7 SYSTEMPATH\CodeIgniter.php(942): App\Controllers\Admin->editBusiness('132323')
 8 SYSTEMPATH\CodeIgniter.php(502): CodeIgniter\CodeIgniter->runController(Object(App\Controllers\Admin))
 9 SYSTEMPATH\CodeIgniter.php(361): CodeIgniter\CodeIgniter->handleRequest(null, Object(Config\Cache), false)
10 FCPATH\index.php(79): CodeIgniter\CodeIgniter->run()
ERROR - 2023-12-05 13:23:45 --> mysqli_sql_exception: Table 'business' already exists in C:\xampp\htdocs\apurva\fuel-consumption\system\Database\MySQLi\Connection.php:306
Stack trace:
#0 C:\xampp\htdocs\apurva\fuel-consumption\system\Database\MySQLi\Connection.php(306): mysqli->query('CREATE TABLE `b...', 0)
#1 C:\xampp\htdocs\apurva\fuel-consumption\system\Database\BaseConnection.php(693): CodeIgniter\Database\MySQLi\Connection->execute('CREATE TABLE `b...')
#2 C:\xampp\htdocs\apurva\fuel-consumption\system\Database\BaseConnection.php(607): CodeIgniter\Database\BaseConnection->simpleQuery('CREATE TABLE `b...')
#3 C:\xampp\htdocs\apurva\fuel-consumption\system\Database\Forge.php(546): CodeIgniter\Database\BaseConnection->query('CREATE TABLE `b...')
#4 C:\xampp\htdocs\apurva\fuel-consumption\app\Database\Migrations\2023-12-05-132216_CreateClientsTable.php(22): CodeIgniter\Database\Forge->createTable('business')
#5 C:\xampp\htdocs\apurva\fuel-consumption\system\Database\MigrationRunner.php(873): App\Database\Migrations\CreateClientsTable->up()
#6 C:\xampp\htdocs\apurva\fuel-consumption\system\Database\MigrationRunner.php(188): CodeIgniter\Database\MigrationRunner->migrate('up', Object(stdClass))
#7 C:\xampp\htdocs\apurva\fuel-consumption\system\Commands\Database\Migrate.php(84): CodeIgniter\Database\MigrationRunner->latest(NULL)
#8 C:\xampp\htdocs\apurva\fuel-consumption\system\CLI\Commands.php(65): CodeIgniter\Commands\Database\Migrate->run(Array)
#9 C:\xampp\htdocs\apurva\fuel-consumption\system\CLI\Console.php(46): CodeIgniter\CLI\Commands->run('migrate', Array)
#10 C:\xampp\htdocs\apurva\fuel-consumption\spark(102): CodeIgniter\CLI\Console->run()
#11 {main}
CRITICAL - 2023-12-05 13:38:16 --> Undefined array key "business_name"
in APPPATH\Views\admin\client\list.php on line 58.
 1 APPPATH\Views\admin\client\list.php(58): CodeIgniter\Debug\Exceptions->errorHandler(2, 'Undefined array key "business_name"', 'C:\\xampp\\htdocs\\apurva\\fuel-consumption\\app\\Views\\admin\\client\\list.php', 58)
 2 APPPATH\Views\index.php(103): include('C:\\xampp\\htdocs\\apurva\\fuel-consumption\\app\\Views\\admin\\client\\list.php')
 3 SYSTEMPATH\View\View.php(228): include('C:\\xampp\\htdocs\\apurva\\fuel-consumption\\app\\Views\\index.php')
 4 SYSTEMPATH\View\View.php(231): CodeIgniter\View\View->CodeIgniter\View\{closure}()
 5 SYSTEMPATH\Common.php(1190): CodeIgniter\View\View->render('index', [], true)
 6 APPPATH\Controllers\ClientController.php(59): view('index', [...])
 7 SYSTEMPATH\CodeIgniter.php(942): App\Controllers\ClientController->listClient()
 8 SYSTEMPATH\CodeIgniter.php(502): CodeIgniter\CodeIgniter->runController(Object(App\Controllers\ClientController))
 9 SYSTEMPATH\CodeIgniter.php(361): CodeIgniter\CodeIgniter->handleRequest(null, Object(Config\Cache), false)
10 FCPATH\index.php(79): CodeIgniter\CodeIgniter->run()
CRITICAL - 2023-12-05 13:40:03 --> Undefined array key "business_name"
in APPPATH\Views\admin\client\list.php on line 83.
 1 APPPATH\Views\admin\client\list.php(83): CodeIgniter\Debug\Exceptions->errorHandler(2, 'Undefined array key "business_name"', 'C:\\xampp\\htdocs\\apurva\\fuel-consumption\\app\\Views\\admin\\client\\list.php', 83)
 2 APPPATH\Views\index.php(103): include('C:\\xampp\\htdocs\\apurva\\fuel-consumption\\app\\Views\\admin\\client\\list.php')
 3 SYSTEMPATH\View\View.php(228): include('C:\\xampp\\htdocs\\apurva\\fuel-consumption\\app\\Views\\index.php')
 4 SYSTEMPATH\View\View.php(231): CodeIgniter\View\View->CodeIgniter\View\{closure}()
 5 SYSTEMPATH\Common.php(1190): CodeIgniter\View\View->render('index', [], true)
 6 APPPATH\Controllers\ClientController.php(59): view('index', [...])
 7 SYSTEMPATH\CodeIgniter.php(942): App\Controllers\ClientController->listClient()
 8 SYSTEMPATH\CodeIgniter.php(502): CodeIgniter\CodeIgniter->runController(Object(App\Controllers\ClientController))
 9 SYSTEMPATH\CodeIgniter.php(361): CodeIgniter\CodeIgniter->handleRequest(null, Object(Config\Cache), false)
10 FCPATH\index.php(79): CodeIgniter\CodeIgniter->run()
CRITICAL - 2023-12-05 13:50:27 --> Undefined array key "business_name"
in APPPATH\Views\admin\client\edit.php on line 39.
 1 APPPATH\Views\admin\client\edit.php(39): CodeIgniter\Debug\Exceptions->errorHandler(2, 'Undefined array key "business_name"', 'C:\\xampp\\htdocs\\apurva\\fuel-consumption\\app\\Views\\admin\\client\\edit.php', 39)
 2 APPPATH\Views\index.php(103): include('C:\\xampp\\htdocs\\apurva\\fuel-consumption\\app\\Views\\admin\\client\\edit.php')
 3 SYSTEMPATH\View\View.php(228): include('C:\\xampp\\htdocs\\apurva\\fuel-consumption\\app\\Views\\index.php')
 4 SYSTEMPATH\View\View.php(231): CodeIgniter\View\View->CodeIgniter\View\{closure}()
 5 SYSTEMPATH\Common.php(1190): CodeIgniter\View\View->render('index', [], true)
 6 APPPATH\Controllers\ClientController.php(89): view('index', [...])
 7 SYSTEMPATH\CodeIgniter.php(942): App\Controllers\ClientController->editClient('1')
 8 SYSTEMPATH\CodeIgniter.php(502): CodeIgniter\CodeIgniter->runController(Object(App\Controllers\ClientController))
 9 SYSTEMPATH\CodeIgniter.php(361): CodeIgniter\CodeIgniter->handleRequest(null, Object(Config\Cache), false)
10 FCPATH\index.php(79): CodeIgniter\CodeIgniter->run()
CRITICAL - 2023-12-05 13:51:11 --> Undefined array key "id"
in APPPATH\Views\admin\client\edit.php on line 37.
 1 APPPATH\Views\admin\client\edit.php(37): CodeIgniter\Debug\Exceptions->errorHandler(2, 'Undefined array key "id"', 'C:\\xampp\\htdocs\\apurva\\fuel-consumption\\app\\Views\\admin\\client\\edit.php', 37)
 2 APPPATH\Views\index.php(103): include('C:\\xampp\\htdocs\\apurva\\fuel-consumption\\app\\Views\\admin\\client\\edit.php')
 3 SYSTEMPATH\View\View.php(228): include('C:\\xampp\\htdocs\\apurva\\fuel-consumption\\app\\Views\\index.php')
 4 SYSTEMPATH\View\View.php(231): CodeIgniter\View\View->CodeIgniter\View\{closure}()
 5 SYSTEMPATH\Common.php(1190): CodeIgniter\View\View->render('index', [], true)
 6 APPPATH\Controllers\ClientController.php(91): view('index', [...])
 7 SYSTEMPATH\CodeIgniter.php(942): App\Controllers\ClientController->editClient('1')
 8 SYSTEMPATH\CodeIgniter.php(502): CodeIgniter\CodeIgniter->runController(Object(App\Controllers\ClientController))
 9 SYSTEMPATH\CodeIgniter.php(361): CodeIgniter\CodeIgniter->handleRequest(null, Object(Config\Cache), false)
10 FCPATH\index.php(79): CodeIgniter\CodeIgniter->run()
CRITICAL - 2023-12-05 13:51:12 --> Undefined array key "id"
in APPPATH\Views\admin\client\edit.php on line 37.
 1 APPPATH\Views\admin\client\edit.php(37): CodeIgniter\Debug\Exceptions->errorHandler(2, 'Undefined array key "id"', 'C:\\xampp\\htdocs\\apurva\\fuel-consumption\\app\\Views\\admin\\client\\edit.php', 37)
 2 APPPATH\Views\index.php(103): include('C:\\xampp\\htdocs\\apurva\\fuel-consumption\\app\\Views\\admin\\client\\edit.php')
 3 SYSTEMPATH\View\View.php(228): include('C:\\xampp\\htdocs\\apurva\\fuel-consumption\\app\\Views\\index.php')
 4 SYSTEMPATH\View\View.php(231): CodeIgniter\View\View->CodeIgniter\View\{closure}()
 5 SYSTEMPATH\Common.php(1190): CodeIgniter\View\View->render('index', [], true)
 6 APPPATH\Controllers\ClientController.php(91): view('index', [...])
 7 SYSTEMPATH\CodeIgniter.php(942): App\Controllers\ClientController->editClient('1')
 8 SYSTEMPATH\CodeIgniter.php(502): CodeIgniter\CodeIgniter->runController(Object(App\Controllers\ClientController))
 9 SYSTEMPATH\CodeIgniter.php(361): CodeIgniter\CodeIgniter->handleRequest(null, Object(Config\Cache), false)
10 FCPATH\index.php(79): CodeIgniter\CodeIgniter->run()
